2020-02-18 12:03:07,140  INFO 37564 --- [restartedMain] c.j.d.DevopsSelfserviceApplication       : Starting DevopsSelfserviceApplication on WPUUH47VMBL with PID 37564 (C:\Users\uh47vmb\Study\Wave1_Training\SPRING\SpringProj\devops-selfservice\target\classes started by uh47vmb in C:\Users\uh47vmb\Study\Wave1_Training\SPRING\SpringProj\devops-selfservice)
2020-02-18 12:03:07,143  INFO 37564 --- [restartedMain] c.j.d.DevopsSelfserviceApplication       : No active profile set, falling back to default profiles: default
2020-02-18 12:03:07,302  INFO 37564 --- [restartedMain] o.s.b.devtools.restart.ChangeableUrls    : The Class-Path manifest attribute in C:\Users\uh47vmb\.m2\repository\org\glassfish\jaxb\jaxb-runtime\2.3.2\jaxb-runtime-2.3.2.jar referenced one or more files that do not exist: file:/C:/Users/uh47vmb/.m2/repository/org/glassfish/jaxb/jaxb-runtime/2.3.2/jakarta.xml.bind-api-2.3.2.jar,file:/C:/Users/uh47vmb/.m2/repository/org/glassfish/jaxb/jaxb-runtime/2.3.2/txw2-2.3.2.jar,file:/C:/Users/uh47vmb/.m2/repository/org/glassfish/jaxb/jaxb-runtime/2.3.2/istack-commons-runtime-3.0.8.jar,file:/C:/Users/uh47vmb/.m2/repository/org/glassfish/jaxb/jaxb-runtime/2.3.2/stax-ex-1.8.1.jar,file:/C:/Users/uh47vmb/.m2/repository/org/glassfish/jaxb/jaxb-runtime/2.3.2/FastInfoset-1.2.16.jar,file:/C:/Users/uh47vmb/.m2/repository/org/glassfish/jaxb/jaxb-runtime/2.3.2/jakarta.activation-api-1.2.1.jar
2020-02-18 12:03:07,305  INFO 37564 --- [restartedMain] .e.DevToolsPropertyDefaultsPostProcessor : Devtools property defaults active! Set 'spring.devtools.add-properties' to 'false' to disable
2020-02-18 12:03:07,306  INFO 37564 --- [restartedMain] .e.DevToolsPropertyDefaultsPostProcessor : For additional web related logging consider setting the 'logging.level.web' property to 'DEBUG'
2020-02-18 12:03:09,797  INFO 37564 --- [restartedMain] .s.d.r.c.RepositoryConfigurationDelegate : Bootstrapping Spring Data JPA repositories in DEFAULT mode.
2020-02-18 12:03:09,911  INFO 37564 --- [restartedMain] .s.d.r.c.RepositoryConfigurationDelegate : Finished Spring Data repository scanning in 100ms. Found 1 JPA repository interfaces.
2020-02-18 12:03:10,562  INFO 37564 --- [restartedMain] trationDelegate$BeanPostProcessorChecker : Bean 'org.springframework.transaction.annotation.ProxyTransactionManagementConfiguration' of type [org.springframework.transaction.annotation.ProxyTransactionManagementConfiguration] is not eligible for getting processed by all BeanPostProcessors (for example: not eligible for auto-proxying)
2020-02-18 12:03:11,556  INFO 37564 --- [restartedMain] o.s.b.w.embedded.tomcat.TomcatWebServer  : Tomcat initialized with port(s): 9099 (http)
2020-02-18 12:03:11,571  INFO 37564 --- [restartedMain] o.apache.catalina.core.StandardService   : Starting service [Tomcat]
2020-02-18 12:03:11,572  INFO 37564 --- [restartedMain] org.apache.catalina.core.StandardEngine  : Starting Servlet engine: [Apache Tomcat/9.0.30]
2020-02-18 12:03:11,736  INFO 37564 --- [restartedMain] o.a.c.c.C.[Tomcat].[localhost].[/]       : Initializing Spring embedded WebApplicationContext
2020-02-18 12:03:11,737  INFO 37564 --- [restartedMain] o.s.web.context.ContextLoader            : Root WebApplicationContext: initialization completed in 4431 ms
2020-02-18 12:03:12,738  INFO 37564 --- [restartedMain] o.hibernate.jpa.internal.util.LogHelper  : HHH000204: Processing PersistenceUnitInfo [name: default]
2020-02-18 12:03:12,883  INFO 37564 --- [restartedMain] org.hibernate.Version                    : HHH000412: Hibernate Core {5.4.10.Final}
2020-02-18 12:03:13,130  INFO 37564 --- [restartedMain] o.hibernate.annotations.common.Version   : HCANN000001: Hibernate Commons Annotations {5.1.0.Final}
2020-02-18 12:03:13,330  INFO 37564 --- [restartedMain] com.zaxxer.hikari.HikariDataSource       : HikariPool-1 - Starting...
2020-02-18 12:03:13,591  INFO 37564 --- [restartedMain] com.zaxxer.hikari.HikariDataSource       : HikariPool-1 - Start completed.
2020-02-18 12:03:13,633  INFO 37564 --- [restartedMain] org.hibernate.dialect.Dialect            : HHH000400: Using dialect: org.hibernate.dialect.MySQL55Dialect
2020-02-18 12:03:14,879  INFO 37564 --- [restartedMain] o.h.e.t.j.p.i.JtaPlatformInitiator       : HHH000490: Using JtaPlatform implementation: [org.hibernate.engine.transaction.jta.platform.internal.NoJtaPlatform]
2020-02-18 12:03:14,890  INFO 37564 --- [restartedMain] j.LocalContainerEntityManagerFactoryBean : Initialized JPA EntityManagerFactory for persistence unit 'default'
2020-02-18 12:03:14,929  INFO 37564 --- [restartedMain] o.s.b.d.a.OptionalLiveReloadServer       : LiveReload server is running on port 35729
2020-02-18 12:03:15,988  WARN 37564 --- [restartedMain] JpaBaseConfiguration$JpaWebConfiguration : spring.jpa.open-in-view is enabled by default. Therefore, database queries may be performed during view rendering. Explicitly configure spring.jpa.open-in-view to disable this warning
2020-02-18 12:03:16,255  INFO 37564 --- [restartedMain] o.s.s.concurrent.ThreadPoolTaskExecutor  : Initializing ExecutorService 'applicationTaskExecutor'
2020-02-18 12:03:16,976  INFO 37564 --- [restartedMain] o.s.b.a.e.web.EndpointLinksResolver      : Exposing 2 endpoint(s) beneath base path '/actuator'
2020-02-18 12:03:17,143  INFO 37564 --- [restartedMain] o.s.b.w.embedded.tomcat.TomcatWebServer  : Tomcat started on port(s): 9099 (http) with context path ''
2020-02-18 12:03:17,150  INFO 37564 --- [restartedMain] c.j.d.DevopsSelfserviceApplication       : Started DevopsSelfserviceApplication in 10.75 seconds (JVM running for 12.535)
2020-02-18 12:37:04.873  INFO 28956 --- [restartedMain] c.j.d.DevopsSelfserviceApplication       : Starting DevopsSelfserviceApplication on WPUUH47VMBL with PID 28956 (C:\Users\uh47vmb\Study\Wave1_Training\SPRING\SpringProj\devops-selfservice\target\classes started by uh47vmb in C:\Users\uh47vmb\Study\Wave1_Training\SPRING\SpringProj\devops-selfservice)
2020-02-18 12:37:04.875  INFO 28956 --- [restartedMain] c.j.d.DevopsSelfserviceApplication       : No active profile set, falling back to default profiles: default
2020-02-18 12:37:05.000  INFO 28956 --- [restartedMain] o.s.b.devtools.restart.ChangeableUrls    : The Class-Path manifest attribute in C:\Users\uh47vmb\.m2\repository\org\glassfish\jaxb\jaxb-runtime\2.3.2\jaxb-runtime-2.3.2.jar referenced one or more files that do not exist: file:/C:/Users/uh47vmb/.m2/repository/org/glassfish/jaxb/jaxb-runtime/2.3.2/jakarta.xml.bind-api-2.3.2.jar,file:/C:/Users/uh47vmb/.m2/repository/org/glassfish/jaxb/jaxb-runtime/2.3.2/txw2-2.3.2.jar,file:/C:/Users/uh47vmb/.m2/repository/org/glassfish/jaxb/jaxb-runtime/2.3.2/istack-commons-runtime-3.0.8.jar,file:/C:/Users/uh47vmb/.m2/repository/org/glassfish/jaxb/jaxb-runtime/2.3.2/stax-ex-1.8.1.jar,file:/C:/Users/uh47vmb/.m2/repository/org/glassfish/jaxb/jaxb-runtime/2.3.2/FastInfoset-1.2.16.jar,file:/C:/Users/uh47vmb/.m2/repository/org/glassfish/jaxb/jaxb-runtime/2.3.2/jakarta.activation-api-1.2.1.jar
2020-02-18 12:37:05.000  INFO 28956 --- [restartedMain] .e.DevToolsPropertyDefaultsPostProcessor : Devtools property defaults active! Set 'spring.devtools.add-properties' to 'false' to disable
2020-02-18 12:37:05.001  INFO 28956 --- [restartedMain] .e.DevToolsPropertyDefaultsPostProcessor : For additional web related logging consider setting the 'logging.level.web' property to 'DEBUG'
2020-02-18 12:37:08.799  INFO 28956 --- [restartedMain] .s.d.r.c.RepositoryConfigurationDelegate : Bootstrapping Spring Data JPA repositories in DEFAULT mode.
2020-02-18 12:37:08.947  INFO 28956 --- [restartedMain] .s.d.r.c.RepositoryConfigurationDelegate : Finished Spring Data repository scanning in 129ms. Found 1 JPA repository interfaces.
2020-02-18 12:37:09.608  INFO 28956 --- [restartedMain] trationDelegate$BeanPostProcessorChecker : Bean 'org.springframework.transaction.annotation.ProxyTransactionManagementConfiguration' of type [org.springframework.transaction.annotation.ProxyTransactionManagementConfiguration] is not eligible for getting processed by all BeanPostProcessors (for example: not eligible for auto-proxying)
2020-02-18 12:37:10.688  INFO 28956 --- [restartedMain] o.s.b.w.embedded.tomcat.TomcatWebServer  : Tomcat initialized with port(s): 9099 (http)
2020-02-18 12:37:10.711  INFO 28956 --- [restartedMain] o.apache.catalina.core.StandardService   : Starting service [Tomcat]
2020-02-18 12:37:10.712  INFO 28956 --- [restartedMain] org.apache.catalina.core.StandardEngine  : Starting Servlet engine: [Apache Tomcat/9.0.30]
2020-02-18 12:37:11.374  INFO 28956 --- [restartedMain] o.a.c.c.C.[Tomcat].[localhost].[/]       : Initializing Spring embedded WebApplicationContext
2020-02-18 12:37:11.375  INFO 28956 --- [restartedMain] o.s.web.context.ContextLoader            : Root WebApplicationContext: initialization completed in 6373 ms
2020-02-18 12:37:12.559  INFO 28956 --- [restartedMain] o.hibernate.jpa.internal.util.LogHelper  : HHH000204: Processing PersistenceUnitInfo [name: default]
2020-02-18 12:37:12.942  INFO 28956 --- [restartedMain] org.hibernate.Version                    : HHH000412: Hibernate Core {5.4.10.Final}
2020-02-18 12:37:13.364  INFO 28956 --- [restartedMain] o.hibernate.annotations.common.Version   : HCANN000001: Hibernate Commons Annotations {5.1.0.Final}
2020-02-18 12:37:13.742  INFO 28956 --- [restartedMain] com.zaxxer.hikari.HikariDataSource       : HikariPool-1 - Starting...
2020-02-18 12:37:14.261  INFO 28956 --- [restartedMain] com.zaxxer.hikari.HikariDataSource       : HikariPool-1 - Start completed.
2020-02-18 12:37:14.323  INFO 28956 --- [restartedMain] org.hibernate.dialect.Dialect            : HHH000400: Using dialect: org.hibernate.dialect.MySQL55Dialect
2020-02-18 12:37:15.859  INFO 28956 --- [restartedMain] o.h.e.t.j.p.i.JtaPlatformInitiator       : HHH000490: Using JtaPlatform implementation: [org.hibernate.engine.transaction.jta.platform.internal.NoJtaPlatform]
2020-02-18 12:37:15.871  INFO 28956 --- [restartedMain] j.LocalContainerEntityManagerFactoryBean : Initialized JPA EntityManagerFactory for persistence unit 'default'
2020-02-18 12:37:15.921  INFO 28956 --- [restartedMain] o.s.b.d.a.OptionalLiveReloadServer       : LiveReload server is running on port 35729
2020-02-18 12:37:18.047  WARN 28956 --- [restartedMain] JpaBaseConfiguration$JpaWebConfiguration : spring.jpa.open-in-view is enabled by default. Therefore, database queries may be performed during view rendering. Explicitly configure spring.jpa.open-in-view to disable this warning
2020-02-18 12:37:18.391  INFO 28956 --- [restartedMain] o.s.s.concurrent.ThreadPoolTaskExecutor  : Initializing ExecutorService 'applicationTaskExecutor'
2020-02-18 12:37:20.194  INFO 28956 --- [restartedMain] o.s.b.a.e.web.EndpointLinksResolver      : Exposing 2 endpoint(s) beneath base path '/actuator'
2020-02-18 12:37:20.620  INFO 28956 --- [restartedMain] o.s.b.w.embedded.tomcat.TomcatWebServer  : Tomcat started on port(s): 9099 (http) with context path ''
2020-02-18 12:37:20.625  INFO 28956 --- [restartedMain] c.j.d.DevopsSelfserviceApplication       : Started DevopsSelfserviceApplication in 16.961 seconds (JVM running for 19.538)
2020-02-18 12:37:33.709  INFO 28956 --- [http-nio-9099-exec-1] o.a.c.c.C.[Tomcat].[localhost].[/]       : Initializing Spring DispatcherServlet 'dispatcherServlet'
2020-02-18 12:37:33.709  INFO 28956 --- [http-nio-9099-exec-1] o.s.web.servlet.DispatcherServlet        : Initializing Servlet 'dispatcherServlet'
2020-02-18 12:37:33.773  INFO 28956 --- [http-nio-9099-exec-1] o.s.web.servlet.DispatcherServlet        : Completed initialization in 64 ms
2020-02-18 12:37:33.848  INFO 28956 --- [http-nio-9099-exec-1] c.j.d.controllers.FileController         : Fetching all the resources... 
2020-02-18 12:38:16.739  INFO 28956 --- [http-nio-9099-exec-5] c.j.d.controllers.FileController         : Fetching all the resources... 
2020-02-18 12:38:34.712  INFO 28956 --- [http-nio-9099-exec-9] c.j.d.controllers.FileController         : Fetching all the resources... 
2020-02-18 12:38:41.717  INFO 28956 --- [http-nio-9099-exec-3] c.j.d.controllers.FileController         : Fetching all the resources... 
2020-02-18 12:38:45.983  INFO 28956 --- [http-nio-9099-exec-5] c.j.d.controllers.FileController         : Fetching all the resources... 
2020-02-18 12:38:49.119  INFO 28956 --- [http-nio-9099-exec-9] c.j.d.controllers.FileController         : Fetching all the resources... 
2020-02-18 16:18:00.542  INFO 28956 --- [http-nio-9099-exec-3] c.j.d.controllers.FileController         : Fetching all the resources... 
2020-02-18 16:18:26.163  INFO 28956 --- [http-nio-9099-exec-8] c.j.d.controllers.FileController         : Fetching all the resources... 
2020-02-18 16:18:29.578  INFO 28956 --- [http-nio-9099-exec-7] c.j.d.controllers.FileController         : Finding Resource with Id : 2
